[0924/012206.916:ERROR:process_memory_win.cc(73)] ReadMemory at 0x7ff69cba0000 of 64 bytes failed: Only part of a ReadProcessMemory or WriteProcessMemory request was completed. (0x12B)
[0924/012207.409:WARNING:pe_image_reader.cc(340)] could not read dos header from C:\Program Files (x86)\Google\Chrome\Application\chrome.exe
[0924/012207.409:ERROR:process_memory_win.cc(73)] ReadMemory at 0x7ff89f3f0000 of 64 bytes failed: Only part of a ReadProcessMemory or WriteProcessMemory request was completed. (0x12B)
[0924/012207.409:WARNING:pe_image_reader.cc(340)] could not read dos header from C:\Windows\SYSTEM32\ntdll.dll
[0924/012207.409:ERROR:process_memory_win.cc(73)] ReadMemory at 0x7ff89d810000 of 64 bytes failed: Only part of a ReadProcessMemory or WriteProcessMemory request was completed. (0x12B)
[0924/012207.409:WARNING:pe_image_reader.cc(340)] could not read dos header from C:\Windows\system32\KERNEL32.DLL
[0924/012207.409:ERROR:process_memory_win.cc(73)] ReadMemory at 0x7ff89cab0000 of 64 bytes failed: Only part of a ReadProcessMemory or WriteProcessMemory request was completed. (0x12B)
[0924/012207.409:WARNING:pe_image_reader.cc(340)] could not read dos header from C:\Windows\system32\KERNELBASE.dll
[0924/012207.409:ERROR:process_memory_win.cc(73)] ReadMemory at 0x7ff86c130000 of 64 bytes failed: Only part of a ReadProcessMemory or WriteProcessMemory request was completed. (0x12B)
[0924/012207.409:WARNING:pe_image_reader.cc(340)] could not read dos header from C:\Program Files (x86)\Google\Chrome\Application\85.0.4183.121\chrome_elf.dll
[0924/012207.410:ERROR:process_memory_win.cc(73)] ReadMemory at 0x7ff89c2b0000 of 64 bytes failed: Only part of a ReadProcessMemory or WriteProcessMemory request was completed. (0x12B)
[0924/012207.410:WARNING:pe_image_reader.cc(340)] could not read dos header from C:\Windows\SYSTEM32\VERSION.dll
[0924/012207.410:ERROR:process_memory_win.cc(73)] ReadMemory at 0x7ff89ef10000 of 64 bytes failed: Only part of a ReadProcessMemory or WriteProcessMemory request was completed. (0x12B)
[0924/012207.410:WARNING:pe_image_reader.cc(340)] could not read dos header from C:\Windows\system32\msvcrt.dll
[0924/012207.410:ERROR:process_memory_win.cc(73)] ReadMemory at 0x7ff89ccd0000 of 64 bytes failed: Only part of a ReadProcessMemory or WriteProcessMemory request was completed. (0x12B)
[0924/012207.410:WARNING:pe_image_reader.cc(340)] could not read dos header from C:\Windows\system32\ADVAPI32.dll
[0924/012207.410:ERROR:process_memory_win.cc(73)] ReadMemory at 0x7ff89cc70000 of 64 bytes failed: Only part of a ReadProcessMemory or WriteProcessMemory request was completed. (0x12B)
[0924/012207.410:WARNING:pe_image_reader.cc(340)] could not read dos header from C:\Windows\SYSTEM32\sechost.dll
[0924/012207.410:ERROR:process_memory_win.cc(73)] ReadMemory at 0x7ff89efc0000 of 64 bytes failed: Only part of a ReadProcessMemory or WriteProcessMemory request was completed. (0x12B)
[0924/012207.410:WARNING:pe_image_reader.cc(340)] could not read dos header from C:\Windows\system32\RPCRT4.dll
[0924/012207.410:ERROR:process_memory_win.cc(73)] ReadMemory at 0x7ff854c80000 of 64 bytes failed: Only part of a ReadProcessMemory or WriteProcessMemory request was completed. (0x12B)
[0924/012207.410:WARNING:pe_image_reader.cc(340)] could not read dos header from C:\Program Files (x86)\Google\Chrome\Application\85.0.4183.121\chrome.dll
[0924/012207.410:ERROR:process_memory_win.cc(73)] ReadMemory at 0x7ff89f280000 of 64 bytes failed: Only part of a ReadProcessMemory or WriteProcessMemory request was completed. (0x12B)
[0924/012207.410:WARNING:pe_image_reader.cc(340)] could not read dos header from C:\Windows\system32\WS2_32.dll
[0924/012207.410:ERROR:process_memory_win.cc(73)] ReadMemory at 0x7ff897150000 of 64 bytes failed: Only part of a ReadProcessMemory or WriteProcessMemory request was completed. (0x12B)
[0924/012207.410:WARNING:pe_image_reader.cc(340)] could not read dos header from C:\Windows\SYSTEM32\IPHLPAPI.DLL
[0924/012207.410:ERROR:process_memory_win.cc(73)] ReadMemory at 0x7ff89d750000 of 64 bytes failed: Only part of a ReadProcessMemory or WriteProcessMemory request was completed. (0x12B)
[0924/012207.410:WARNING:pe_image_reader.cc(340)] could not read dos header from C:\Windows\system32\OLEAUT32.dll
[0924/012207.411:ERROR:process_memory_win.cc(73)] ReadMemory at 0x7ff89a070000 of 64 bytes failed: Only part of a ReadProcessMemory or WriteProcessMemory request was completed. (0x12B)
[0924/012207.411:WARNING:pe_image_reader.cc(340)] could not read dos header from C:\Windows\SYSTEM32\WINMM.dll
[0924/012207.411:ERROR:process_memory_win.cc(73)] ReadMemory at 0x7ff893f20000 of 64 bytes failed: Only part of a ReadProcessMemory or WriteProcessMemory request was completed. (0x12B)
[0924/012207.411:WARNING:pe_image_reader.cc(340)] could not read dos header from C:\Windows\SYSTEM32\UIAutomationCore.DLL
[0924/012207.411:ERROR:process_memory_win.cc(73)] ReadMemory at 0x7ff897950000 of 64 bytes failed: Only part of a ReadProcessMemory or WriteProcessMemory request was completed. (0x12B)
[0924/012207.411:WARNING:pe_image_reader.cc(340)] could not read dos header from C:\Windows\SYSTEM32\Secur32.dll
[0924/012207.411:ERROR:process_memory_win.cc(73)] ReadMemory at 0x7ff89bc40000 of 64 bytes failed: Only part of a ReadProcessMemory or WriteProcessMemory request was completed. (0x12B)
[0924/012207.411:WARNING:pe_image_reader.cc(340)] could not read dos header from C:\Windows\SYSTEM32\USERENV.dll
[0924/012207.411:ERROR:process_memory_win.cc(73)] ReadMemory at 0x7ff89ca60000 of 64 bytes failed: Only part of a ReadProcessMemory or WriteProcessMemory request was completed. (0x12B)
[0924/012207.411:WARNING:pe_image_reader.cc(340)] could not read dos header from C:\Windows\system32\WINTRUST.dll
[0924/012207.411:ERROR:process_memory_win.cc(73)] ReadMemory at 0x7ff89c830000 of 64 bytes failed: Only part of a ReadProcessMemory or WriteProcessMemory request was completed. (0x12B)
[0924/012207.411:WARNING:pe_image_reader.cc(340)] could not read dos header from C:\Windows\system32\CRYPT32.dll
[0924/012207.411:ERROR:process_memory_win.cc(73)] ReadMemory at 0x7ff899840000 of 64 bytes failed: Only part of a ReadProcessMemory or WriteProcessMemory request was completed. (0x12B)
[0924/012207.411:WARNING:pe_image_reader.cc(340)] could not read dos header from C:\Windows\SYSTEM32\DWrite.dll
[0924/012207.411:ERROR:process_memory_win.cc(73)] ReadMemory at 0x7ff897180000 of 64 bytes failed: Only part of a ReadProcessMemory or WriteProcessMemory request was completed. (0x12B)
[0924/012207.411:WARNING:pe_image_reader.cc(340)] could not read dos header from C:\Windows\SYSTEM32\WINSPOOL.DRV
[0924/012207.411:ERROR:process_memory_win.cc(73)] ReadMemory at 0x7ff891e60000 of 64 bytes failed: Only part of a ReadProcessMemory or WriteProcessMemory request was completed. (0x12B)
[0924/012207.411:WARNING:pe_image_reader.cc(340)] could not read dos header from C:\Windows\SYSTEM32\dbghelp.dll
[0924/012207.412:ERROR:process_memory_win.cc(73)] ReadMemory at 0x7ff8937c0000 of 64 bytes failed: Only part of a ReadProcessMemory or WriteProcessMemory request was completed. (0x12B)
[0924/012207.412:WARNING:pe_image_reader.cc(340)] could not read dos header from C:\Windows\SYSTEM32\WINHTTP.dll
[0924/012207.412:ERROR:process_memory_win.cc(73)] ReadMemory at 0x7ff895a70000 of 64 bytes failed: Only part of a ReadProcessMemory or WriteProcessMemory request was completed. (0x12B)
[0924/012207.412:WARNING:pe_image_reader.cc(340)] could not read dos header from C:\Windows\SYSTEM32\dhcpcsvc.DLL
[0924/012207.412:ERROR:process_memory_win.cc(73)] ReadMemory at 0x7ff89d1e0000 of 64 bytes failed: Only part of a ReadProcessMemory or WriteProcessMemory request was completed. (0x12B)
[0924/012207.412:WARNING:pe_image_reader.cc(340)] could not read dos header from C:\Windows\system32\NSI.dll
[0924/012207.412:ERROR:process_memory_win.cc(73)] ReadMemory at 0x7ff897100000 of 64 bytes failed: Only part of a ReadProcessMemory or WriteProcessMemory request was completed. (0x12B)
[0924/012207.412:WARNING:pe_image_reader.cc(340)] could not read dos header from C:\Windows\SYSTEM32\WINNSI.DLL
[0924/012207.412:ERROR:process_memory_win.cc(73)] ReadMemory at 0x7ff89ce20000 of 64 bytes failed: Only part of a ReadProcessMemory or WriteProcessMemory request was completed. (0x12B)
[0924/012207.412:WARNING:pe_image_reader.cc(340)] could not read dos header from C:\Windows\system32\combase.dll
[0924/012207.412:ERROR:process_memory_win.cc(73)] ReadMemory at 0x7ff897200000 of 64 bytes failed: Only part of a ReadProcessMemory or WriteProcessMemory request was completed. (0x12B)
[0924/012207.412:WARNING:pe_image_reader.cc(340)] could not read dos header from C:\Windows\SYSTEM32\WINMMBASE.dll
[0924/012207.412:ERROR:process_memory_win.cc(73)] ReadMemory at 0x7ff89d500000 of 64 bytes failed: Only part of a ReadProcessMemory or WriteProcessMemory request was completed. (0x12B)
[0924/012207.412:WARNING:pe_image_reader.cc(340)] could not read dos header from C:\Windows\system32\USER32.dll
[0924/012207.412:ERROR:process_memory_win.cc(73)] ReadMemory at 0x7ff89c750000 of 64 bytes failed: Only part of a ReadProcessMemory or WriteProcessMemory request was completed. (0x12B)
[0924/012207.412:WARNING:pe_image_reader.cc(340)] could not read dos header from C:\Windows\SYSTEM32\profapi.dll
[0924/012207.412:ERROR:process_memory_win.cc(73)] ReadMemory at 0x7ff89c810000 of 64 bytes failed: Only part of a ReadProcessMemory or WriteProcessMemory request was completed. (0x12B)
[0924/012207.412:WARNING:pe_image_reader.cc(340)] could not read dos header from C:\Windows\system32\MSASN1.dll
[0924/012207.412:ERROR:process_memory_win.cc(73)] ReadMemory at 0x7ff89ca10000 of 64 bytes failed: Only part of a ReadProcessMemory or WriteProcessMemory request was completed. (0x12B)
[0924/012207.413:WARNING:pe_image_reader.cc(340)] could not read dos header from C:\Windows\SYSTEM32\cfgmgr32.dll
[0924/012207.413:ERROR:process_memory_win.cc(73)] ReadMemory at 0x7ff89b490000 of 64 bytes failed: Only part of a ReadProcessMemory or WriteProcessMemory request was completed. (0x12B)
[0924/012207.413:WARNING:pe_image_reader.cc(340)] could not read dos header from C:\Windows\SYSTEM32\DEVOBJ.dll
[0924/012207.413:ERROR:process_memory_win.cc(73)] ReadMemory at 0x7ff89d250000 of 64 bytes failed: Only part of a ReadProcessMemory or WriteProcessMemory request was completed. (0x12B)
[0924/012207.413:WARNING:pe_image_reader.cc(340)] could not read dos header from C:\Windows\system32\GDI32.dll
[0924/012207.413:ERROR:process_memory_win.cc(73)] ReadMemory at 0x7ff89c530000 of 64 bytes failed: Only part of a ReadProcessMemory or WriteProcessMemory request was completed. (0x12B)
[0924/012207.413:WARNING:pe_image_reader.cc(340)] could not read dos header from C:\Windows\SYSTEM32\SSPICLI.DLL
[0924/012207.413:ERROR:process_memory_win.cc(73)] ReadMemory at 0x4ce03a0000 of 64 bytes failed: Only part of a ReadProcessMemory or WriteProcessMemory request was completed. (0x12B)
[0924/012207.413:WARNING:pe_image_reader.cc(340)] could not read dos header from C:\Windows\system32\IMM32.DLL
[0924/012207.413:ERROR:process_memory_win.cc(73)] ReadMemory at 0x7ff89d3c0000 of 64 bytes failed: Only part of a ReadProcessMemory or WriteProcessMemory request was completed. (0x12B)
[0924/012207.413:WARNING:pe_image_reader.cc(340)] could not read dos header from C:\Windows\system32\MSCTF.dll
[0924/012207.413:ERROR:process_memory_win.cc(73)] ReadMemory at 0x7ff89c5c0000 of 64 bytes failed: Only part of a ReadProcessMemory or WriteProcessMemory request was completed. (0x12B)
[0924/012207.413:WARNING:pe_image_reader.cc(340)] could not read dos header from C:\Windows\SYSTEM32\CRYPTBASE.DLL
[0924/012207.413:ERROR:process_memory_win.cc(73)] ReadMemory at 0x7ff89c560000 of 64 bytes failed: Only part of a ReadProcessMemory or WriteProcessMemory request was completed. (0x12B)
[0924/012207.413:WARNING:pe_image_reader.cc(340)] could not read dos header from C:\Windows\SYSTEM32\bcryptPrimitives.dll
[0924/012207.413:ERROR:process_memory_win.cc(73)] ReadMemory at 0x7ff69cba0000 of 64 bytes failed: Only part of a ReadProcessMemory or WriteProcessMemory request was completed. (0x12B)
[0924/012207.413:WARNING:pe_image_reader.cc(340)] could not read dos header from C:\Program Files (x86)\Google\Chrome\Application\chrome.exe
[0924/012207.413:ERROR:process_memory_win.cc(73)] ReadMemory at 0x7ff89f3f0000 of 64 bytes failed: Only part of a ReadProcessMemory or WriteProcessMemory request was completed. (0x12B)
[0924/012207.413:WARNING:pe_image_reader.cc(340)] could not read dos header from C:\Windows\SYSTEM32\ntdll.dll
[0924/012207.413:ERROR:process_memory_win.cc(73)] ReadMemory at 0x7ff89d810000 of 64 bytes failed: Only part of a ReadProcessMemory or WriteProcessMemory request was completed. (0x12B)
[0924/012207.414:WARNING:pe_image_reader.cc(340)] could not read dos header from C:\Windows\system32\KERNEL32.DLL
[0924/012207.414:ERROR:process_memory_win.cc(73)] ReadMemory at 0x7ff89cab0000 of 64 bytes failed: Only part of a ReadProcessMemory or WriteProcessMemory request was completed. (0x12B)
[0924/012207.414:WARNING:pe_image_reader.cc(340)] could not read dos header from C:\Windows\system32\KERNELBASE.dll
[0924/012207.414:ERROR:process_memory_win.cc(73)] ReadMemory at 0x7ff86c130000 of 64 bytes failed: Only part of a ReadProcessMemory or WriteProcessMemory request was completed. (0x12B)
[0924/012207.414:WARNING:pe_image_reader.cc(340)] could not read dos header from C:\Program Files (x86)\Google\Chrome\Application\85.0.4183.121\chrome_elf.dll
[0924/012207.414:ERROR:process_memory_win.cc(73)] ReadMemory at 0x7ff89c2b0000 of 64 bytes failed: Only part of a ReadProcessMemory or WriteProcessMemory request was completed. (0x12B)
[0924/012207.414:WARNING:pe_image_reader.cc(340)] could not read dos header from C:\Windows\SYSTEM32\VERSION.dll
[0924/012207.414:ERROR:process_memory_win.cc(73)] ReadMemory at 0x7ff89ef10000 of 64 bytes failed: Only part of a ReadProcessMemory or WriteProcessMemory request was completed. (0x12B)
[0924/012207.414:WARNING:pe_image_reader.cc(340)] could not read dos header from C:\Windows\system32\msvcrt.dll
[0924/012207.414:ERROR:process_memory_win.cc(73)] ReadMemory at 0x7ff89ccd0000 of 64 bytes failed: Only part of a ReadProcessMemory or WriteProcessMemory request was completed. (0x12B)
[0924/012207.414:WARNING:pe_image_reader.cc(340)] could not read dos header from C:\Windows\system32\ADVAPI32.dll
[0924/012207.414:ERROR:process_memory_win.cc(73)] ReadMemory at 0x7ff89cc70000 of 64 bytes failed: Only part of a ReadProcessMemory or WriteProcessMemory request was completed. (0x12B)
[0924/012207.414:WARNING:pe_image_reader.cc(340)] could not read dos header from C:\Windows\SYSTEM32\sechost.dll
[0924/012207.414:ERROR:process_memory_win.cc(73)] ReadMemory at 0x7ff89efc0000 of 64 bytes failed: Only part of a ReadProcessMemory or WriteProcessMemory request was completed. (0x12B)
[0924/012207.414:WARNING:pe_image_reader.cc(340)] could not read dos header from C:\Windows\system32\RPCRT4.dll
[0924/012207.414:ERROR:process_memory_win.cc(73)] ReadMemory at 0x7ff854c80000 of 64 bytes failed: Only part of a ReadProcessMemory or WriteProcessMemory request was completed. (0x12B)
[0924/012207.414:WARNING:pe_image_reader.cc(340)] could not read dos header from C:\Program Files (x86)\Google\Chrome\Application\85.0.4183.121\chrome.dll
[0924/012207.414:ERROR:process_memory_win.cc(73)] ReadMemory at 0x7ff89f280000 of 64 bytes failed: Only part of a ReadProcessMemory or WriteProcessMemory request was completed. (0x12B)
[0924/012207.414:WARNING:pe_image_reader.cc(340)] could not read dos header from C:\Windows\system32\WS2_32.dll
[0924/012207.414:ERROR:process_memory_win.cc(73)] ReadMemory at 0x7ff897150000 of 64 bytes failed: Only part of a ReadProcessMemory or WriteProcessMemory request was completed. (0x12B)
[0924/012207.415:WARNING:pe_image_reader.cc(340)] could not read dos header from C:\Windows\SYSTEM32\IPHLPAPI.DLL
[0924/012207.415:ERROR:process_memory_win.cc(73)] ReadMemory at 0x7ff89d750000 of 64 bytes failed: Only part of a ReadProcessMemory or WriteProcessMemory request was completed. (0x12B)
[0924/012207.415:WARNING:pe_image_reader.cc(340)] could not read dos header from C:\Windows\system32\OLEAUT32.dll
[0924/012207.415:ERROR:process_memory_win.cc(73)] ReadMemory at 0x7ff89a070000 of 64 bytes failed: Only part of a ReadProcessMemory or WriteProcessMemory request was completed. (0x12B)
[0924/012207.415:WARNING:pe_image_reader.cc(340)] could not read dos header from C:\Windows\SYSTEM32\WINMM.dll
[0924/012207.415:ERROR:process_memory_win.cc(73)] ReadMemory at 0x7ff893f20000 of 64 bytes failed: Only part of a ReadProcessMemory or WriteProcessMemory request was completed. (0x12B)
[0924/012207.415:WARNING:pe_image_reader.cc(340)] could not read dos header from C:\Windows\SYSTEM32\UIAutomationCore.DLL
[0924/012207.415:ERROR:process_memory_win.cc(73)] ReadMemory at 0x7ff897950000 of 64 bytes failed: Only part of a ReadProcessMemory or WriteProcessMemory request was completed. (0x12B)
[0924/012207.416:WARNING:pe_image_reader.cc(340)] could not read dos header from C:\Windows\SYSTEM32\Secur32.dll
[0924/012207.416:ERROR:process_memory_win.cc(73)] ReadMemory at 0x7ff89bc40000 of 64 bytes failed: Only part of a ReadProcessMemory or WriteProcessMemory request was completed. (0x12B)
[0924/012207.416:WARNING:pe_image_reader.cc(340)] could not read dos header from C:\Windows\SYSTEM32\USERENV.dll
[0924/012207.416:ERROR:process_memory_win.cc(73)] ReadMemory at 0x7ff89ca60000 of 64 bytes failed: Only part of a ReadProcessMemory or WriteProcessMemory request was completed. (0x12B)
[0924/012207.416:WARNING:pe_image_reader.cc(340)] could not read dos header from C:\Windows\system32\WINTRUST.dll
[0924/012207.416:ERROR:process_memory_win.cc(73)] ReadMemory at 0x7ff89c830000 of 64 bytes failed: Only part of a ReadProcessMemory or WriteProcessMemory request was completed. (0x12B)
[0924/012207.416:WARNING:pe_image_reader.cc(340)] could not read dos header from C:\Windows\system32\CRYPT32.dll
[0924/012207.416:ERROR:process_memory_win.cc(73)] ReadMemory at 0x7ff899840000 of 64 bytes failed: Only part of a ReadProcessMemory or WriteProcessMemory request was completed. (0x12B)
[0924/012207.416:WARNING:pe_image_reader.cc(340)] could not read dos header from C:\Windows\SYSTEM32\DWrite.dll
[0924/012207.416:ERROR:process_memory_win.cc(73)] ReadMemory at 0x7ff897180000 of 64 bytes failed: Only part of a ReadProcessMemory or WriteProcessMemory request was completed. (0x12B)
[0924/012207.416:WARNING:pe_image_reader.cc(340)] could not read dos header from C:\Windows\SYSTEM32\WINSPOOL.DRV
[0924/012207.416:ERROR:process_memory_win.cc(73)] ReadMemory at 0x7ff891e60000 of 64 bytes failed: Only part of a ReadProcessMemory or WriteProcessMemory request was completed. (0x12B)
[0924/012207.416:WARNING:pe_image_reader.cc(340)] could not read dos header from C:\Windows\SYSTEM32\dbghelp.dll
[0924/012207.416:ERROR:process_memory_win.cc(73)] ReadMemory at 0x7ff8937c0000 of 64 bytes failed: Only part of a ReadProcessMemory or WriteProcessMemory request was completed. (0x12B)
[0924/012207.416:WARNING:pe_image_reader.cc(340)] could not read dos header from C:\Windows\SYSTEM32\WINHTTP.dll
[0924/012207.416:ERROR:process_memory_win.cc(73)] ReadMemory at 0x7ff895a70000 of 64 bytes failed: Only part of a ReadProcessMemory or WriteProcessMemory request was completed. (0x12B)
[0924/012207.416:WARNING:pe_image_reader.cc(340)] could not read dos header from C:\Windows\SYSTEM32\dhcpcsvc.DLL
[0924/012207.416:ERROR:process_memory_win.cc(73)] ReadMemory at 0x7ff89d1e0000 of 64 bytes failed: Only part of a ReadProcessMemory or WriteProcessMemory request was completed. (0x12B)
[0924/012207.416:WARNING:pe_image_reader.cc(340)] could not read dos header from C:\Windows\system32\NSI.dll
[0924/012207.417:ERROR:process_memory_win.cc(73)] ReadMemory at 0x7ff897100000 of 64 bytes failed: Only part of a ReadProcessMemory or WriteProcessMemory request was completed. (0x12B)
[0924/012207.417:WARNING:pe_image_reader.cc(340)] could not read dos header from C:\Windows\SYSTEM32\WINNSI.DLL
[0924/012207.417:ERROR:process_memory_win.cc(73)] ReadMemory at 0x7ff89ce20000 of 64 bytes failed: Only part of a ReadProcessMemory or WriteProcessMemory request was completed. (0x12B)
[0924/012207.417:WARNING:pe_image_reader.cc(340)] could not read dos header from C:\Windows\system32\combase.dll
[0924/012207.417:ERROR:process_memory_win.cc(73)] ReadMemory at 0x7ff897200000 of 64 bytes failed: Only part of a ReadProcessMemory or WriteProcessMemory request was completed. (0x12B)
[0924/012207.417:WARNING:pe_image_reader.cc(340)] could not read dos header from C:\Windows\SYSTEM32\WINMMBASE.dll
[0924/012207.417:ERROR:process_memory_win.cc(73)] ReadMemory at 0x7ff89d500000 of 64 bytes failed: Only part of a ReadProcessMemory or WriteProcessMemory request was completed. (0x12B)
[0924/012207.417:WARNING:pe_image_reader.cc(340)] could not read dos header from C:\Windows\system32\USER32.dll
[0924/012207.417:ERROR:process_memory_win.cc(73)] ReadMemory at 0x7ff89c750000 of 64 bytes failed: Only part of a ReadProcessMemory or WriteProcessMemory request was completed. (0x12B)
[0924/012207.417:WARNING:pe_image_reader.cc(340)] could not read dos header from C:\Windows\SYSTEM32\profapi.dll
[0924/012207.417:ERROR:process_memory_win.cc(73)] ReadMemory at 0x7ff89c810000 of 64 bytes failed: Only part of a ReadProcessMemory or WriteProcessMemory request was completed. (0x12B)
[0924/012207.417:WARNING:pe_image_reader.cc(340)] could not read dos header from C:\Windows\system32\MSASN1.dll
[0924/012207.417:ERROR:process_memory_win.cc(73)] ReadMemory at 0x7ff89ca10000 of 64 bytes failed: Only part of a ReadProcessMemory or WriteProcessMemory request was completed. (0x12B)
[0924/012207.417:WARNING:pe_image_reader.cc(340)] could not read dos header from C:\Windows\SYSTEM32\cfgmgr32.dll
[0924/012207.417:ERROR:process_memory_win.cc(73)] ReadMemory at 0x7ff89b490000 of 64 bytes failed: Only part of a ReadProcessMemory or WriteProcessMemory request was completed. (0x12B)
[0924/012207.417:WARNING:pe_image_reader.cc(340)] could not read dos header from C:\Windows\SYSTEM32\DEVOBJ.dll
[0924/012207.417:ERROR:process_memory_win.cc(73)] ReadMemory at 0x7ff89d250000 of 64 bytes failed: Only part of a ReadProcessMemory or WriteProcessMemory request was completed. (0x12B)
[0924/012207.417:WARNING:pe_image_reader.cc(340)] could not read dos header from C:\Windows\system32\GDI32.dll
[0924/012207.417:ERROR:process_memory_win.cc(73)] ReadMemory at 0x7ff89c530000 of 64 bytes failed: Only part of a ReadProcessMemory or WriteProcessMemory request was completed. (0x12B)
[0924/012207.417:WARNING:pe_image_reader.cc(340)] could not read dos header from C:\Windows\SYSTEM32\SSPICLI.DLL
[0924/012207.418:ERROR:process_memory_win.cc(73)] ReadMemory at 0x4ce03a0000 of 64 bytes failed: Only part of a ReadProcessMemory or WriteProcessMemory request was completed. (0x12B)
[0924/012207.418:WARNING:pe_image_reader.cc(340)] could not read dos header from C:\Windows\system32\IMM32.DLL
[0924/012207.418:ERROR:process_memory_win.cc(73)] ReadMemory at 0x7ff89d3c0000 of 64 bytes failed: Only part of a ReadProcessMemory or WriteProcessMemory request was completed. (0x12B)
[0924/012207.418:WARNING:pe_image_reader.cc(340)] could not read dos header from C:\Windows\system32\MSCTF.dll
[0924/012207.418:ERROR:process_memory_win.cc(73)] ReadMemory at 0x7ff89c5c0000 of 64 bytes failed: Only part of a ReadProcessMemory or WriteProcessMemory request was completed. (0x12B)
[0924/012207.418:WARNING:pe_image_reader.cc(340)] could not read dos header from C:\Windows\SYSTEM32\CRYPTBASE.DLL
[0924/012207.418:ERROR:process_memory_win.cc(73)] ReadMemory at 0x7ff89c560000 of 64 bytes failed: Only part of a ReadProcessMemory or WriteProcessMemory request was completed. (0x12B)
[0924/012207.418:WARNING:pe_image_reader.cc(340)] could not read dos header from C:\Windows\SYSTEM32\bcryptPrimitives.dll
[0924/012207.529:ERROR:process_memory_win.cc(73)] ReadMemory at 0x4ce011b000 of 151552 bytes failed: Only part of a ReadProcessMemory or WriteProcessMemory request was completed. (0x12B)
[0924/012207.530:ERROR:process_memory_win.cc(73)] ReadMemory at 0x4ce238d000 of 12288 bytes failed: Only part of a ReadProcessMemory or WriteProcessMemory request was completed. (0x12B)
[0924/012207.530:ERROR:process_memory_win.cc(73)] ReadMemory at 0x4ce338c000 of 16384 bytes failed: Only part of a ReadProcessMemory or WriteProcessMemory request was completed. (0x12B)
[0924/012207.530:ERROR:process_memory_win.cc(73)] ReadMemory at 0x4ce3b8c000 of 16384 bytes failed: Only part of a ReadProcessMemory or WriteProcessMemory request was completed. (0x12B)
[0924/012207.542:ERROR:process_memory_win.cc(73)] ReadMemory at 0x4ce438f000 of 4096 bytes failed: Only part of a ReadProcessMemory or WriteProcessMemory request was completed. (0x12B)
[0924/012207.542:ERROR:process_memory_win.cc(73)] ReadMemory at 0x4ce4b8d000 of 12288 bytes failed: Only part of a ReadProcessMemory or WriteProcessMemory request was completed. (0x12B)
[0924/012207.542:ERROR:process_memory_win.cc(73)] ReadMemory at 0x4ce548c000 of 16384 bytes failed: Only part of a ReadProcessMemory or WriteProcessMemory request was completed. (0x12B)
[0924/012207.542:ERROR:process_memory_win.cc(73)] ReadMemory at 0x4ce5d0b000 of 20480 bytes failed: Only part of a ReadProcessMemory or WriteProcessMemory request was completed. (0x12B)
[0924/012207.542:ERROR:process_memory_win.cc(73)] ReadMemory at 0x4ce650a000 of 24576 bytes failed: Only part of a ReadProcessMemory or WriteProcessMemory request was completed. (0x12B)
[0924/012207.542:ERROR:process_memory_win.cc(73)] ReadMemory at 0x4ce6f0b000 of 20480 bytes failed: Only part of a ReadProcessMemory or WriteProcessMemory request was completed. (0x12B)
[0924/012207.543:ERROR:process_memory_win.cc(73)] ReadMemory at 0x4ce770c000 of 16384 bytes failed: Only part of a ReadProcessMemory or WriteProcessMemory request was completed. (0x12B)
[0924/012207.543:ERROR:process_memory_win.cc(73)] ReadMemory at 0x4ce2b8d000 of 12288 bytes failed: Only part of a ReadProcessMemory or WriteProcessMemory request was completed. (0x12B)
[0924/012207.543:ERROR:process_memory_win.cc(73)] ReadMemory at 0x4cee56e000 of 73728 bytes failed: Only part of a ReadProcessMemory or WriteProcessMemory request was completed. (0x12B)
[0924/012207.543:ERROR:process_memory_win.cc(73)] ReadMemory at 0x4c8d57c000 of 16384 bytes failed: Only part of a ReadProcessMemory or WriteProcessMemory request was completed. (0x12B)
[0924/012207.543:ERROR:process_memory_win.cc(73)] ReadMemory at 0x4c8724c000 of 16384 bytes failed: Only part of a ReadProcessMemory or WriteProcessMemory request was completed. (0x12B)
[0924/012207.543:ERROR:process_memory_win.cc(73)] ReadMemory at 0x4c866fd000 of 12288 bytes failed: Only part of a ReadProcessMemory or WriteProcessMemory request was completed. (0x12B)
[0924/012207.543:ERROR:process_memory_win.cc(73)] ReadMemory at 0x4c87f8d000 of 12288 bytes failed: Only part of a ReadProcessMemory or WriteProcessMemory request was completed. (0x12B)
[0924/012207.544:ERROR:process_memory_win.cc(73)] ReadMemory at 0x4c8878f000 of 4096 bytes failed: Only part of a ReadProcessMemory or WriteProcessMemory request was completed. (0x12B)
[0924/012207.544:ERROR:process_memory_win.cc(73)] ReadMemory at 0x4c80db9430 of 512 bytes failed: Only part of a ReadProcessMemory or WriteProcessMemory request was completed. (0x12B)
[0924/012207.544:ERROR:process_memory_win.cc(73)] ReadMemory at 0x4c833dd196 of 512 bytes failed: Only part of a ReadProcessMemory or WriteProcessMemory request was completed. (0x12B)
[0924/012207.544:ERROR:process_memory_win.cc(73)] ReadMemory at 0x4ce0280000 of 384 bytes failed: Only part of a ReadProcessMemory or WriteProcessMemory request was completed. (0x12B)
[0924/012207.544:ERROR:process_memory_win.cc(73)] ReadMemory at 0x4ce0280860 of 3732 bytes failed: Only part of a ReadProcessMemory or WriteProcessMemory request was completed. (0x12B)
[0924/012207.544:ERROR:process_memory_win.cc(73)] ReadMemory at 0x4ce0281700 of 1012 bytes failed: Only part of a ReadProcessMemory or WriteProcessMemory request was completed. (0x12B)
[0924/012207.544:ERROR:process_memory_win.cc(73)] ReadMemory at 0x4ce0281d18 of 118 bytes failed: Only part of a ReadProcessMemory or WriteProcessMemory request was completed. (0x12B)
[0924/012207.544:ERROR:process_memory_win.cc(73)] ReadMemory at 0x4ce0281d90 of 792 bytes failed: Only part of a ReadProcessMemory or WriteProcessMemory request was completed. (0x12B)
[0924/012207.544:ERROR:process_memory_win.cc(73)] ReadMemory at 0x4ce02820aa of 118 bytes failed: Only part of a ReadProcessMemory or WriteProcessMemory request was completed. (0x12B)
[0924/012207.544:ERROR:process_memory_win.cc(73)] ReadMemory at 0x4ce0282122 of 98 bytes failed: Only part of a ReadProcessMemory or WriteProcessMemory request was completed. (0x12B)
[0924/012207.545:ERROR:process_memory_win.cc(73)] ReadMemory at 0x4ce0282190 of 58 bytes failed: Only part of a ReadProcessMemory or WriteProcessMemory request was completed. (0x12B)
[0924/012207.545:ERROR:process_memory_win.cc(73)] ReadMemory at 0x4ce0282290 of 132 bytes failed: Only part of a ReadProcessMemory or WriteProcessMemory request was completed. (0x12B)
[0924/012207.545:ERROR:process_memory_win.cc(73)] ReadMemory at 0x4ce0282410 of 132 bytes failed: Only part of a ReadProcessMemory or WriteProcessMemory request was completed. (0x12B)
[0924/012207.545:ERROR:process_memory_win.cc(73)] ReadMemory at 0x4ce0282620 of 126 bytes failed: Only part of a ReadProcessMemory or WriteProcessMemory request was completed. (0x12B)
[0924/012207.545:ERROR:process_memory_win.cc(73)] ReadMemory at 0x4ce0282910 of 64 bytes failed: Only part of a ReadProcessMemory or WriteProcessMemory request was completed. (0x12B)
[0924/012207.545:ERROR:process_memory_win.cc(73)] ReadMemory at 0x4ce0282960 of 132 bytes failed: Only part of a ReadProcessMemory or WriteProcessMemory request was completed. (0x12B)
[0924/012207.545:ERROR:process_memory_win.cc(73)] ReadMemory at 0x4ce0282c20 of 154 bytes failed: Only part of a ReadProcessMemory or WriteProcessMemory request was completed. (0x12B)
[0924/012207.545:ERROR:process_memory_win.cc(73)] ReadMemory at 0x4ce0282cd0 of 68 bytes failed: Only part of a ReadProcessMemory or WriteProcessMemory request was completed. (0x12B)
[0924/012207.545:ERROR:process_memory_win.cc(73)] ReadMemory at 0x4ce0282d20 of 132 bytes failed: Only part of a ReadProcessMemory or WriteProcessMemory request was completed. (0x12B)
[0924/012207.545:ERROR:process_memory_win.cc(73)] ReadMemory at 0x4ce0283a90 of 132 bytes failed: Only part of a ReadProcessMemory or WriteProcessMemory request was completed. (0x12B)
[0924/012207.545:ERROR:process_memory_win.cc(73)] ReadMemory at 0x4ce0283cd0 of 62 bytes failed: Only part of a ReadProcessMemory or WriteProcessMemory request was completed. (0x12B)
[0924/012207.546:ERROR:process_memory_win.cc(73)] ReadMemory at 0x4ce0283d20 of 132 bytes failed: Only part of a ReadProcessMemory or WriteProcessMemory request was completed. (0x12B)
[0924/012207.546:ERROR:process_memory_win.cc(73)] ReadMemory at 0x4ce0284750 of 60 bytes failed: Only part of a ReadProcessMemory or WriteProcessMemory request was completed. (0x12B)
[0924/012207.546:ERROR:process_memory_win.cc(73)] ReadMemory at 0x4ce0284af0 of 132 bytes failed: Only part of a ReadProcessMemory or WriteProcessMemory request was completed. (0x12B)
[0924/012207.546:ERROR:process_memory_win.cc(73)] ReadMemory at 0x4ce028d2f0 of 54 bytes failed: Only part of a ReadProcessMemory or WriteProcessMemory request was completed. (0x12B)
[0924/012207.546:ERROR:process_memory_win.cc(73)] ReadMemory at 0x4ce028d800 of 64 bytes failed: Only part of a ReadProcessMemory or WriteProcessMemory request was completed. (0x12B)
[0924/012207.546:ERROR:process_memory_win.cc(73)] ReadMemory at 0x4ce028d8a0 of 60 bytes failed: Only part of a ReadProcessMemory or WriteProcessMemory request was completed. (0x12B)
[0924/012207.546:ERROR:process_memory_win.cc(73)] ReadMemory at 0x4ce028d8f0 of 58 bytes failed: Only part of a ReadProcessMemory or WriteProcessMemory request was completed. (0x12B)
[0924/012207.546:ERROR:process_memory_win.cc(73)] ReadMemory at 0x4ce028d990 of 64 bytes failed: Only part of a ReadProcessMemory or WriteProcessMemory request was completed. (0x12B)
[0924/012207.546:ERROR:process_memory_win.cc(73)] ReadMemory at 0x4ce028da80 of 64 bytes failed: Only part of a ReadProcessMemory or WriteProcessMemory request was completed. (0x12B)
[0924/012207.546:ERROR:process_memory_win.cc(73)] ReadMemory at 0x4ce028dad0 of 62 bytes failed: Only part of a ReadProcessMemory or WriteProcessMemory request was completed. (0x12B)
[0924/012207.547:ERROR:process_memory_win.cc(73)] ReadMemory at 0x4ce028db20 of 62 bytes failed: Only part of a ReadProcessMemory or WriteProcessMemory request was completed. (0x12B)
[0924/012207.547:ERROR:process_memory_win.cc(73)] ReadMemory at 0x4ce028db70 of 62 bytes failed: Only part of a ReadProcessMemory or WriteProcessMemory request was completed. (0x12B)
[0924/012207.547:ERROR:process_memory_win.cc(73)] ReadMemory at 0x4ce028dbc0 of 60 bytes failed: Only part of a ReadProcessMemory or WriteProcessMemory request was completed. (0x12B)
[0924/012207.547:ERROR:process_memory_win.cc(73)] ReadMemory at 0x4ce028dcb0 of 64 bytes failed: Only part of a ReadProcessMemory or WriteProcessMemory request was completed. (0x12B)
[0924/012207.547:ERROR:process_memory_win.cc(73)] ReadMemory at 0x4ce028dd50 of 62 bytes failed: Only part of a ReadProcessMemory or WriteProcessMemory request was completed. (0x12B)
[0924/012207.547:ERROR:process_memory_win.cc(73)] ReadMemory at 0x4ce028ddf0 of 60 bytes failed: Only part of a ReadProcessMemory or WriteProcessMemory request was completed. (0x12B)
[0924/012207.547:ERROR:process_memory_win.cc(73)] ReadMemory at 0x4ce028de40 of 64 bytes failed: Only part of a ReadProcessMemory or WriteProcessMemory request was completed. (0x12B)
[0924/012207.547:ERROR:process_memory_win.cc(73)] ReadMemory at 0x4ce0290fd0 of 132 bytes failed: Only part of a ReadProcessMemory or WriteProcessMemory request was completed. (0x12B)
[0924/012207.547:ERROR:process_memory_win.cc(73)] ReadMemory at 0x4ce02910f0 of 132 bytes failed: Only part of a ReadProcessMemory or WriteProcessMemory request was completed. (0x12B)
[0924/012207.547:ERROR:process_memory_win.cc(73)] ReadMemory at 0x4ce02913a0 of 146 bytes failed: Only part of a ReadProcessMemory or WriteProcessMemory request was completed. (0x12B)
[0924/012207.547:ERROR:process_memory_win.cc(73)] ReadMemory at 0x4ce0293270 of 132 bytes failed: Only part of a ReadProcessMemory or WriteProcessMemory request was completed. (0x12B)
[0924/012207.547:ERROR:process_memory_win.cc(73)] ReadMemory at 0x4ce0293640 of 132 bytes failed: Only part of a ReadProcessMemory or WriteProcessMemory request was completed. (0x12B)
[0924/012207.548:ERROR:process_memory_win.cc(73)] ReadMemory at 0x4ce0294170 of 132 bytes failed: Only part of a ReadProcessMemory or WriteProcessMemory request was completed. (0x12B)
[0924/012207.548:ERROR:process_memory_win.cc(73)] ReadMemory at 0x4ce0294d60 of 80 bytes failed: Only part of a ReadProcessMemory or WriteProcessMemory request was completed. (0x12B)
[0924/012207.548:ERROR:process_memory_win.cc(73)] ReadMemory at 0x4ce0297f60 of 512 bytes failed: Only part of a ReadProcessMemory or WriteProcessMemory request was completed. (0x12B)
[0924/012207.548:ERROR:process_memory_win.cc(73)] ReadMemory at 0x4ce0298810 of 132 bytes failed: Only part of a ReadProcessMemory or WriteProcessMemory request was completed. (0x12B)
[0924/012207.548:ERROR:process_memory_win.cc(73)] ReadMemory at 0x4ce0298930 of 132 bytes failed: Only part of a ReadProcessMemory or WriteProcessMemory request was completed. (0x12B)
[0924/012207.548:ERROR:process_memory_win.cc(73)] ReadMemory at 0x4ce0298df0 of 132 bytes failed: Only part of a ReadProcessMemory or WriteProcessMemory request was completed. (0x12B)
[0924/012207.548:ERROR:process_memory_win.cc(73)] ReadMemory at 0x4ce0298f10 of 132 bytes failed: Only part of a ReadProcessMemory or WriteProcessMemory request was completed. (0x12B)
[0924/012207.548:ERROR:process_memory_win.cc(73)] ReadMemory at 0x4ce0299030 of 132 bytes failed: Only part of a ReadProcessMemory or WriteProcessMemory request was completed. (0x12B)
[0924/012207.548:ERROR:process_memory_win.cc(73)] ReadMemory at 0x4ce02991a0 of 132 bytes failed: Only part of a ReadProcessMemory or WriteProcessMemory request was completed. (0x12B)
[0924/012207.548:ERROR:process_memory_win.cc(73)] ReadMemory at 0x4ce02992c0 of 132 bytes failed: Only part of a ReadProcessMemory or WriteProcessMemory request was completed. (0x12B)
[0924/012207.548:ERROR:process_memory_win.cc(73)] ReadMemory at 0x4ce02993e0 of 132 bytes failed: Only part of a ReadProcessMemory or WriteProcessMemory request was completed. (0x12B)
[0924/012207.549:ERROR:process_memory_win.cc(73)] ReadMemory at 0x4ce0299500 of 132 bytes failed: Only part of a ReadProcessMemory or WriteProcessMemory request was completed. (0x12B)
[0924/012207.549:ERROR:process_memory_win.cc(73)] ReadMemory at 0x4ce0299620 of 132 bytes failed: Only part of a ReadProcessMemory or WriteProcessMemory request was completed. (0x12B)
[0924/012207.549:ERROR:process_memory_win.cc(73)] ReadMemory at 0x4ce0299740 of 132 bytes failed: Only part of a ReadProcessMemory or WriteProcessMemory request was completed. (0x12B)
[0924/012207.549:ERROR:process_memory_win.cc(73)] ReadMemory at 0x4ce0299860 of 132 bytes failed: Only part of a ReadProcessMemory or WriteProcessMemory request was completed. (0x12B)
[0924/012207.549:ERROR:process_memory_win.cc(73)] ReadMemory at 0x4ce0299980 of 132 bytes failed: Only part of a ReadProcessMemory or WriteProcessMemory request was completed. (0x12B)
[0924/012207.549:ERROR:process_memory_win.cc(73)] ReadMemory at 0x4ce0299aa0 of 132 bytes failed: Only part of a ReadProcessMemory or WriteProcessMemory request was completed. (0x12B)
[0924/012207.549:ERROR:process_memory_win.cc(73)] ReadMemory at 0x4ce0299bc0 of 132 bytes failed: Only part of a ReadProcessMemory or WriteProcessMemory request was completed. (0x12B)
[0924/012207.549:ERROR:process_memory_win.cc(73)] ReadMemory at 0x4ce0299ce0 of 132 bytes failed: Only part of a ReadProcessMemory or WriteProcessMemory request was completed. (0x12B)
[0924/012207.549:ERROR:process_memory_win.cc(73)] ReadMemory at 0x4ce0299e00 of 132 bytes failed: Only part of a ReadProcessMemory or WriteProcessMemory request was completed. (0x12B)
[0924/012207.549:ERROR:process_memory_win.cc(73)] ReadMemory at 0x4ce0299f20 of 132 bytes failed: Only part of a ReadProcessMemory or WriteProcessMemory request was completed. (0x12B)
[0924/012207.549:ERROR:process_memory_win.cc(73)] ReadMemory at 0x4ce029a270 of 58 bytes failed: Only part of a ReadProcessMemory or WriteProcessMemory request was completed. (0x12B)
[0924/012207.549:ERROR:process_memory_win.cc(73)] ReadMemory at 0x4ce029a2c0 of 62 bytes failed: Only part of a ReadProcessMemory or WriteProcessMemory request was completed. (0x12B)
[0924/012207.550:ERROR:process_memory_win.cc(73)] ReadMemory at 0x4ce029a310 of 62 bytes failed: Only part of a ReadProcessMemory or WriteProcessMemory request was completed. (0x12B)
[0924/012207.550:ERROR:process_memory_win.cc(73)] ReadMemory at 0x4ce029a360 of 62 bytes failed: Only part of a ReadProcessMemory or WriteProcessMemory request was completed. (0x12B)
[0924/012207.550:ERROR:process_memory_win.cc(73)] ReadMemory at 0x4ce029a3b0 of 58 bytes failed: Only part of a ReadProcessMemory or WriteProcessMemory request was completed. (0x12B)
[0924/012207.550:ERROR:process_memory_win.cc(73)] ReadMemory at 0x4ce029a450 of 60 bytes failed: Only part of a ReadProcessMemory or WriteProcessMemory request was completed. (0x12B)
[0924/012207.550:ERROR:process_memory_win.cc(73)] ReadMemory at 0x4ce029a590 of 66 bytes failed: Only part of a ReadProcessMemory or WriteProcessMemory request was completed. (0x12B)
[0924/012207.551:ERROR:process_memory_win.cc(73)] ReadMemory at 0x4ce029a630 of 64 bytes failed: Only part of a ReadProcessMemory or WriteProcessMemory request was completed. (0x12B)
[0924/012207.551:ERROR:process_memory_win.cc(73)] ReadMemory at 0x4ce029a680 of 60 bytes failed: Only part of a ReadProcessMemory or WriteProcessMemory request was completed. (0x12B)
[0924/012207.551:ERROR:process_memory_win.cc(73)] ReadMemory at 0x4ce029a6d0 of 58 bytes failed: Only part of a ReadProcessMemory or WriteProcessMemory request was completed. (0x12B)
[0924/012207.551:ERROR:process_memory_win.cc(73)] ReadMemory at 0x4ce029a810 of 62 bytes failed: Only part of a ReadProcessMemory or WriteProcessMemory request was completed. (0x12B)
[0924/012207.551:ERROR:process_memory_win.cc(73)] ReadMemory at 0x4ce029aef0 of 64 bytes failed: Only part of a ReadProcessMemory or WriteProcessMemory request was completed. (0x12B)
[0924/012207.551:ERROR:process_memory_win.cc(73)] ReadMemory at 0x4ce029af90 of 62 bytes failed: Only part of a ReadProcessMemory or WriteProcessMemory request was completed. (0x12B)
[0924/012207.551:ERROR:process_memory_win.cc(73)] ReadMemory at 0x4ce029afe0 of 60 bytes failed: Only part of a ReadProcessMemory or WriteProcessMemory request was completed. (0x12B)
[0924/012207.551:ERROR:process_memory_win.cc(73)] ReadMemory at 0x4ce029b0d0 of 60 bytes failed: Only part of a ReadProcessMemory or WriteProcessMemory request was completed. (0x12B)
[0924/012207.552:ERROR:process_memory_win.cc(73)] ReadMemory at 0x4ce029b720 of 132 bytes failed: Only part of a ReadProcessMemory or WriteProcessMemory request was completed. (0x12B)
[0924/012207.552:ERROR:process_memory_win.cc(73)] ReadMemory at 0x4ce029b840 of 132 bytes failed: Only part of a ReadProcessMemory or WriteProcessMemory request was completed. (0x12B)
[0924/012207.552:ERROR:process_memory_win.cc(73)] ReadMemory at 0x4ce029b960 of 132 bytes failed: Only part of a ReadProcessMemory or WriteProcessMemory request was completed. (0x12B)
[0924/012207.552:ERROR:process_memory_win.cc(73)] ReadMemory at 0x4ce029ba80 of 132 bytes failed: Only part of a ReadProcessMemory or WriteProcessMemory request was completed. (0x12B)
[0924/012207.552:ERROR:process_memory_win.cc(73)] ReadMemory at 0x4ce029c020 of 132 bytes failed: Only part of a ReadProcessMemory or WriteProcessMemory request was completed. (0x12B)
[0924/012207.552:ERROR:process_memory_win.cc(73)] ReadMemory at 0x4ce029c140 of 132 bytes failed: Only part of a ReadProcessMemory or WriteProcessMemory request was completed. (0x12B)
[0924/012207.552:ERROR:process_memory_win.cc(73)] ReadMemory at 0x4ce029c800 of 132 bytes failed: Only part of a ReadProcessMemory or WriteProcessMemory request was completed. (0x12B)
[0924/012207.552:ERROR:process_memory_win.cc(73)] ReadMemory at 0x4ce029cb60 of 132 bytes failed: Only part of a ReadProcessMemory or WriteProcessMemory request was completed. (0x12B)
[0924/012207.552:ERROR:process_memory_win.cc(73)] ReadMemory at 0x4ce029d100 of 132 bytes failed: Only part of a ReadProcessMemory or WriteProcessMemory request was completed. (0x12B)
[0924/012207.552:ERROR:process_memory_win.cc(73)] ReadMemory at 0x4ce029d340 of 132 bytes failed: Only part of a ReadProcessMemory or WriteProcessMemory request was completed. (0x12B)
[0924/012207.552:ERROR:process_memory_win.cc(73)] ReadMemory at 0x4ce02d86c0 of 66 bytes failed: Only part of a ReadProcessMemory or WriteProcessMemory request was completed. (0x12B)
[0924/012207.553:ERROR:process_memory_win.cc(73)] ReadMemory at 0x4ce02e1a60 of 80 bytes failed: Only part of a ReadProcessMemory or WriteProcessMemory request was completed. (0x12B)
[0924/012207.553:ERROR:process_memory_win.cc(73)] ReadMemory at 0x4ce02fff50 of 512 bytes failed: Only part of a ReadProcessMemory or WriteProcessMemory request was completed. (0x12B)
[0924/012207.557:ERROR:process_memory_win.cc(73)] ReadMemory at 0x4ce0301450 of 712 bytes failed: Only part of a ReadProcessMemory or WriteProcessMemory request was completed. (0x12B)
[0924/012207.557:ERROR:process_memory_win.cc(73)] ReadMemory at 0x4ce030c430 of 512 bytes failed: Only part of a ReadProcessMemory or WriteProcessMemory request was completed. (0x12B)
[0924/012207.557:ERROR:process_memory_win.cc(73)] ReadMemory at 0x4ce0327bd0 of 512 bytes failed: Only part of a ReadProcessMemory or WriteProcessMemory request was completed. (0x12B)
[0924/012207.558:ERROR:process_memory_win.cc(73)] ReadMemory at 0x4ce03280d0 of 512 bytes failed: Only part of a ReadProcessMemory or WriteProcessMemory request was completed. (0x12B)
[0924/012207.558:ERROR:process_memory_win.cc(73)] ReadMemory at 0x4ce0337d20 of 512 bytes failed: Only part of a ReadProcessMemory or WriteProcessMemory request was completed. (0x12B)
[0924/012207.558:ERROR:process_memory_win.cc(73)] ReadMemory at 0x4ce0354300 of 656 bytes failed: Only part of a ReadProcessMemory or WriteProcessMemory request was completed. (0x12B)
[0924/012207.558:ERROR:process_memory_win.cc(73)] ReadMemory at 0x4ce4b91b30 of 512 bytes failed: Only part of a ReadProcessMemory or WriteProcessMemory request was completed. (0x12B)
[0924/012207.558:ERROR:process_memory_win.cc(73)] ReadMemory at 0x4ce4b98860 of 512 bytes failed: Only part of a ReadProcessMemory or WriteProcessMemory request was completed. (0x12B)
[0924/012207.558:ERROR:process_memory_win.cc(73)] ReadMemory at 0x4ce4ba70f0 of 512 bytes failed: Only part of a ReadProcessMemory or WriteProcessMemory request was completed. (0x12B)
[0924/012207.558:ERROR:process_memory_win.cc(73)] ReadMemory at 0x4ce4ba7b80 of 512 bytes failed: Only part of a ReadProcessMemory or WriteProcessMemory request was completed. (0x12B)
[0924/012207.558:ERROR:process_memory_win.cc(73)] ReadMemory at 0x4ce4c11d00 of 512 bytes failed: Only part of a ReadProcessMemory or WriteProcessMemory request was completed. (0x12B)
[0924/012207.558:ERROR:process_memory_win.cc(73)] ReadMemory at 0x4ce8ac0700 of 512 bytes failed: Only part of a ReadProcessMemory or WriteProcessMemory request was completed. (0x12B)
[0924/012207.558:ERROR:process_memory_win.cc(73)] ReadMemory at 0x4ce8ace060 of 528 bytes failed: Only part of a ReadProcessMemory or WriteProcessMemory request was completed. (0x12B)
[0924/012207.559:ERROR:process_memory_win.cc(73)] ReadMemory at 0x4ceac19550 of 512 bytes failed: Only part of a ReadProcessMemory or WriteProcessMemory request was completed. (0x12B)
[0924/012207.559:ERROR:process_memory_win.cc(73)] ReadMemory at 0x4ceafdf980 of 704 bytes failed: Only part of a ReadProcessMemory or WriteProcessMemory request was completed. (0x12B)
[0924/012207.559:ERROR:process_memory_win.cc(73)] ReadMemory at 0x4ceb8d9e70 of 512 bytes failed: Only part of a ReadProcessMemory or WriteProcessMemory request was completed. (0x12B)
[0924/012207.559:ERROR:process_memory_win.cc(73)] ReadMemory at 0x4cebc39af0 of 512 bytes failed: Only part of a ReadProcessMemory or WriteProcessMemory request was completed. (0x12B)
[0924/012207.559:ERROR:process_memory_win.cc(73)] ReadMemory at 0x4cebc46df0 of 512 bytes failed: Only part of a ReadProcessMemory or WriteProcessMemory request was completed. (0x12B)
[0924/012207.559:ERROR:process_memory_win.cc(73)] ReadMemory at 0x4cebd41200 of 512 bytes failed: Only part of a ReadProcessMemory or WriteProcessMemory request was completed. (0x12B)
[0924/012207.559:ERROR:process_memory_win.cc(73)] ReadMemory at 0x4cebd4d0f0 of 512 bytes failed: Only part of a ReadProcessMemory or WriteProcessMemory request was completed. (0x12B)
[0924/012207.559:ERROR:process_memory_win.cc(73)] ReadMemory at 0x4ced0b80f0 of 512 bytes failed: Only part of a ReadProcessMemory or WriteProcessMemory request was completed. (0x12B)
[0924/012207.559:ERROR:process_memory_win.cc(73)] ReadMemory at 0x4cfd717130 of 512 bytes failed: Only part of a ReadProcessMemory or WriteProcessMemory request was completed. (0x12B)
[0924/012207.559:ERROR:process_memory_win.cc(73)] ReadMemory at 0x4cff324940 of 512 bytes failed: Only part of a ReadProcessMemory or WriteProcessMemory request was completed. (0x12B)
[0924/012207.560:ERROR:process_memory_win.cc(73)] ReadMemory at 0x2d1f13946f00 of 512 bytes failed: Only part of a ReadProcessMemory or WriteProcessMemory request was completed. (0x12B)
[0924/012207.560:ERROR:process_memory_win.cc(73)] ReadMemory at 0x2d1f13a50860 of 512 bytes failed: Only part of a ReadProcessMemory or WriteProcessMemory request was completed. (0x12B)
[0924/012207.560:ERROR:process_memory_win.cc(73)] ReadMemory at 0x2fea69d42904 of 512 bytes failed: Only part of a ReadProcessMemory or WriteProcessMemory request was completed. (0x12B)
[0924/012207.560:ERROR:process_memory_win.cc(73)] ReadMemory at 0x4ca0fb374568 of 512 bytes failed: Only part of a ReadProcessMemory or WriteProcessMemory request was completed. (0x12B)
[0924/012207.560:ERROR:process_memory_win.cc(73)] ReadMemory at 0x761b00071388 of 512 bytes failed: Only part of a ReadProcessMemory or WriteProcessMemory request was completed. (0x12B)
[0924/012207.560:ERROR:process_memory_win.cc(73)] ReadMemory at 0x7ff69c5ca000 of 6024 bytes failed: Only part of a ReadProcessMemory or WriteProcessMemory request was completed. (0x12B)
[0924/012207.560:ERROR:process_memory_win.cc(73)] ReadMemory at 0x7ff69c5d8000 of 6024 bytes failed: Only part of a ReadProcessMemory or WriteProcessMemory request was completed. (0x12B)
[0924/012207.560:ERROR:process_memory_win.cc(73)] ReadMemory at 0x7ff69c5da000 of 6024 bytes failed: Only part of a ReadProcessMemory or WriteProcessMemory request was completed. (0x12B)
[0924/012207.560:ERROR:process_memory_win.cc(73)] ReadMemory at 0x7ff69c5dc000 of 6024 bytes failed: Only part of a ReadProcessMemory or WriteProcessMemory request was completed. (0x12B)
[0924/012207.561:ERROR:process_memory_win.cc(73)] ReadMemory at 0x7ff69c5de000 of 6024 bytes failed: Only part of a ReadProcessMemory or WriteProcessMemory request was completed. (0x12B)
[0924/012207.561:ERROR:process_memory_win.cc(73)] ReadMemory at 0x7ff69c5e0000 of 6024 bytes failed: Only part of a ReadProcessMemory or WriteProcessMemory request was completed. (0x12B)
[0924/012207.561:ERROR:process_memory_win.cc(73)] ReadMemory at 0x7ff69c5e2000 of 6024 bytes failed: Only part of a ReadProcessMemory or WriteProcessMemory request was completed. (0x12B)
[0924/012207.561:ERROR:process_memory_win.cc(73)] ReadMemory at 0x7ff69c5e4000 of 6024 bytes failed: Only part of a ReadProcessMemory or WriteProcessMemory request was completed. (0x12B)
[0924/012207.561:ERROR:process_memory_win.cc(73)] ReadMemory at 0x7ff69c5e6000 of 6024 bytes failed: Only part of a ReadProcessMemory or WriteProcessMemory request was completed. (0x12B)
[0924/012207.561:ERROR:process_memory_win.cc(73)] ReadMemory at 0x7ff69c5e8000 of 6024 bytes failed: Only part of a ReadProcessMemory or WriteProcessMemory request was completed. (0x12B)
[0924/012207.561:ERROR:process_memory_win.cc(73)] ReadMemory at 0x7ff69c5ea000 of 6024 bytes failed: Only part of a ReadProcessMemory or WriteProcessMemory request was completed. (0x12B)
[0924/012207.561:ERROR:process_memory_win.cc(73)] ReadMemory at 0x7ff69c5ec000 of 6024 bytes failed: Only part of a ReadProcessMemory or WriteProcessMemory request was completed. (0x12B)
[0924/012207.562:ERROR:process_memory_win.cc(73)] ReadMemory at 0x7ff69c5ee000 of 6024 bytes failed: Only part of a ReadProcessMemory or WriteProcessMemory request was completed. (0x12B)
[0924/012207.562:ERROR:process_memory_win.cc(73)] ReadMemory at 0x7ff69c714000 of 6024 bytes failed: Only part of a ReadProcessMemory or WriteProcessMemory request was completed. (0x12B)
[0924/012207.562:ERROR:process_memory_win.cc(73)] ReadMemory at 0x7ff69c716000 of 6024 bytes failed: Only part of a ReadProcessMemory or WriteProcessMemory request was completed. (0x12B)
[0924/012207.562:ERROR:process_memory_win.cc(73)] ReadMemory at 0x7ff69c718000 of 852 bytes failed: Only part of a ReadProcessMemory or WriteProcessMemory request was completed. (0x12B)
[0924/012207.562:ERROR:process_memory_win.cc(73)] ReadMemory at 0x7ff69c71a000 of 6024 bytes failed: Only part of a ReadProcessMemory or WriteProcessMemory request was completed. (0x12B)
[0924/012207.562:ERROR:process_memory_win.cc(73)] ReadMemory at 0x7ff69c71c000 of 6024 bytes failed: Only part of a ReadProcessMemory or WriteProcessMemory request was completed. (0x12B)
[0924/012207.562:ERROR:process_memory_win.cc(73)] ReadMemory at 0x7ff69c71e000 of 6024 bytes failed: Only part of a ReadProcessMemory or WriteProcessMemory request was completed. (0x12B)
[0924/012207.563:ERROR:process_memory_win.cc(73)] ReadMemory at 0x7ff854cf6cd0 of 512 bytes failed: Only part of a ReadProcessMemory or WriteProcessMemory request was completed. (0x12B)
[0924/012207.563:ERROR:process_memory_win.cc(73)] ReadMemory at 0x7ff855a12ad0 of 512 bytes failed: Only part of a ReadProcessMemory or WriteProcessMemory request was completed. (0x12B)
[0924/012207.563:ERROR:process_memory_win.cc(73)] ReadMemory at 0x7ff857459806 of 512 bytes failed: Only part of a ReadProcessMemory or WriteProcessMemory request was completed. (0x12B)
[0924/012207.563:ERROR:process_memory_win.cc(73)] ReadMemory at 0x7ff85759b710 of 512 bytes failed: Only part of a ReadProcessMemory or WriteProcessMemory request was completed. (0x12B)
[0924/012207.563:ERROR:process_memory_win.cc(73)] ReadMemory at 0x7ff8579aeabd of 512 bytes failed: Only part of a ReadProcessMemory or WriteProcessMemory request was completed. (0x12B)
[0924/012207.563:ERROR:process_memory_win.cc(73)] ReadMemory at 0x7ff85c39f697 of 512 bytes failed: Only part of a ReadProcessMemory or WriteProcessMemory request was completed. (0x12B)
[0924/012207.563:ERROR:process_memory_win.cc(73)] ReadMemory at 0x7ff85c993c30 of 512 bytes failed: Only part of a ReadProcessMemory or WriteProcessMemory request was completed. (0x12B)
[0924/012207.563:ERROR:process_memory_win.cc(73)] ReadMemory at 0x7ff85ca47160 of 512 bytes failed: Only part of a ReadProcessMemory or WriteProcessMemory request was completed. (0x12B)
[0924/012207.563:ERROR:process_memory_win.cc(73)] ReadMemory at 0x7ff85d028830 of 512 bytes failed: Only part of a ReadProcessMemory or WriteProcessMemory request was completed. (0x12B)
[0924/012207.563:ERROR:process_memory_win.cc(73)] ReadMemory at 0x7ff86c165160 of 512 bytes failed: Only part of a ReadProcessMemory or WriteProcessMemory request was completed. (0x12B)
[0924/012207.564:ERROR:process_memory_win.cc(73)] ReadMemory at 0x7ff86c165867 of 512 bytes failed: Only part of a ReadProcessMemory or WriteProcessMemory request was completed. (0x12B)
[0924/012207.564:ERROR:process_memory_win.cc(73)] ReadMemory at 0x7ff89c582fc8 of 512 bytes failed: Only part of a ReadProcessMemory or WriteProcessMemory request was completed. (0x12B)
[0924/012207.564:ERROR:process_memory_win.cc(73)] ReadMemory at 0x7ff89d810fbc of 512 bytes failed: Only part of a ReadProcessMemory or WriteProcessMemory request was completed. (0x12B)
[0924/012207.564:ERROR:process_memory_win.cc(73)] ReadMemory at 0x7ff89f3f0000 of 384 bytes failed: Only part of a ReadProcessMemory or WriteProcessMemory request was completed. (0x12B)
[0924/012207.564:ERROR:process_memory_win.cc(73)] ReadMemory at 0x7ff89f3f3850 of 512 bytes failed: Only part of a ReadProcessMemory or WriteProcessMemory request was completed. (0x12B)
[0924/012207.564:ERROR:process_memory_win.cc(73)] ReadMemory at 0x7ff89f3f76b0 of 18 bytes failed: Only part of a ReadProcessMemory or WriteProcessMemory request was completed. (0x12B)
[0924/012207.564:ERROR:process_memory_win.cc(73)] ReadMemory at 0x7ff89f41c260 of 512 bytes failed: Only part of a ReadProcessMemory or WriteProcessMemory request was completed. (0x12B)
[0924/012207.564:ERROR:process_memory_win.cc(73)] ReadMemory at 0x7ff89f426c3a of 512 bytes failed: Only part of a ReadProcessMemory or WriteProcessMemory request was completed. (0x12B)
[0924/012207.564:ERROR:process_memory_win.cc(73)] ReadMemory at 0x7ff89f48acca of 592 bytes failed: Only part of a ReadProcessMemory or WriteProcessMemory request was completed. (0x12B)
[0924/012207.564:ERROR:process_memory_win.cc(73)] ReadMemory at 0x7ff89f48c74a of 560 bytes failed: Only part of a ReadProcessMemory or WriteProcessMemory request was completed. (0x12B)
[0924/012207.565:ERROR:process_memory_win.cc(73)] ReadMemory at 0x7ff89f51a980 of 40 bytes failed: Only part of a ReadProcessMemory or WriteProcessMemory request was completed. (0x12B)
[0924/012207.565:ERROR:process_memory_win.cc(73)] ReadMemory at 0x7ff89f51de50 of 48 bytes failed: Only part of a ReadProcessMemory or WriteProcessMemory request was completed. (0x12B)
[0924/012207.565:ERROR:process_memory_win.cc(73)] ReadMemory at 0x7ff89f5203c0 of 64 bytes failed: Only part of a ReadProcessMemory or WriteProcessMemory request was completed. (0x12B)
[0924/012207.630:ERROR:scoped_process_suspend.cc(40)] NtResumeProcess: An attempt was made to access an exiting process. (0xc000010a)
